Using pre-set license
Built from '2020.3/staging' branch; Version is '2020.3.4f1 (0abb6314276a) revision 703331'; Using compiler version '192528614'; Build Type 'Release'
OS: 'Windows 10 Pro; OS build 19042.985; Version 2009; 64bit' Language: 'ru' Physical Memory: 12284 MB
BatchMode: 1, IsHumanControllingUs: 0, StartBugReporterOnCrash: 0, Is64bit: 1, IsPro: 0

 COMMAND LINE ARGUMENTS:
C:\Program Files\Unity\Hub\Editor\2020.3.4f1\Editor\Unity.exe
-adb2
-batchMode
-noUpm
-name
AssetImportWorker0
-projectPath
C:/Users/Vlad/VRProject
-logFile
Logs/AssetImportWorker0.log
-srvPort
56985
Successfully changed project path to: C:/Users/Vlad/VRProject
C:/Users/Vlad/VRProject
Using Asset Import Pipeline V2.
Refreshing native plugins compatible for Editor in 107.97 ms, found 12 plugins.
Preloading 2 native plugins for Editor in 2.65 ms.
Initialize engine version: 2020.3.4f1 (0abb6314276a)
[Subsystems] Discovering subsystems at path C:/Program Files/Unity/Hub/Editor/2020.3.4f1/Editor/Data/Resources/UnitySubsystems
[Subsystems] Discovering subsystems at path C:/Users/Vlad/VRProject/Assets
GfxDevice: creating device client; threaded=0
Direct3D:
    Version:  Direct3D 11.0 [level 11.1]
    Renderer: NVIDIA GeForce GTX 1050 (ID=0x1c81)
    Vendor:   
    VRAM:     1977 MB
    Driver:   27.21.14.6589
Initialize mono
Mono path[0] = 'C:/Program Files/Unity/Hub/Editor/2020.3.4f1/Editor/Data/Managed'
Mono path[1] = 'C:/Program Files/Unity/Hub/Editor/2020.3.4f1/Editor/Data/MonoBleedingEdge/lib/mono/unityjit'
Mono config path = 'C:/Program Files/Unity/Hub/Editor/2020.3.4f1/Editor/Data/MonoBleedingEdge/etc'
Using monoOptions --debugger-agent=transport=dt_socket,embedding=1,server=y,suspend=n,address=127.0.0.1:56236
Begin MonoManager ReloadAssembly
Registering precompiled unity dll's ...
Register platform support module: C:/Program Files/Unity/Hub/Editor/2020.3.4f1/Editor/Data/PlaybackEngines/WebGLSupport/UnityEditor.WebGL.Extensions.dll
Register platform support module: C:/Program Files/Unity/Hub/Editor/2020.3.4f1/Editor/Data/PlaybackEngines/WindowsStandaloneSupport/UnityEditor.WindowsStandalone.Extensions.dll
Registered in 0.005694 seconds.
Native extension for WindowsStandalone target not found
Native extension for WebGL target not found
Refreshing native plugins compatible for Editor in 80.69 ms, found 12 plugins.
Preloading 2 native plugins for Editor in 0.42 ms.
Mono: successfully reloaded assembly
- Completed reload, in  2.054 seconds
Platform modules already initialized, skipping
Registering precompiled user dll's ...
Registered in 0.012040 seconds.
Begin MonoManager ReloadAssembly
Native extension for WindowsStandalone target not found
Native extension for WebGL target not found
Refreshing native plugins compatible for Editor in 2.24 ms, found 12 plugins.
Preloading 2 native plugins for Editor in 0.29 ms.
[XR] OculusXRPlugin: registering subsystems
[XR] Unable to register display lifecyle provider: [1]
[XR] Oculus Input lifecycle provider registered.
[XR] Unable to register input lifecyle provider: [1]
NullReferenceException: Object reference not set to an instance of an object
  at Unity.XR.Oculus.OculusLoader.AssetPathToAbsolutePath (System.String assetPath) [0x00048] in C:\Users\Vlad\VRProject\Library\PackageCache\com.unity.xr.oculus@1.9.0\Runtime\OculusLoader.cs:249 
  at Unity.XR.Oculus.OculusLoader.EditorLoadOVRPlugin () [0x0007b] in C:\Users\Vlad\VRProject\Library\PackageCache\com.unity.xr.oculus@1.9.0\Runtime\OculusLoader.cs:234 

(Filename: Library/PackageCache/com.unity.xr.oculus@1.9.0/Runtime/OculusLoader.cs Line: 249)

Mono: successfully reloaded assembly
- Completed reload, in  1.890 seconds
Platform modules already initialized, skipping
========================================================================
Worker process is ready to serve import requests
Launched and connected shader compiler UnityShaderCompiler.exe after 0.07 seconds
Refreshing native plugins compatible for Editor in 1.27 ms, found 12 plugins.
Preloading 2 native plugins for Editor in 0.31 ms.
Unloading 1827 Unused Serialized files (Serialized files now loaded: 0)
System memory in use before: 95.4 MB.
System memory in use after: 95.5 MB.

Unloading 14 unused Assets to reduce memory usage. Loaded Objects now: 2283.
Total: 5.414300 ms (FindLiveObjects: 0.974800 ms CreateObjectMapping: 0.541700 ms MarkObjects: 3.724700 ms  DeleteObjects: 0.170800 ms)

========================================================================
Received Import Request.
  path: Assets/SteamVR/WindowsHelper
  artifactKey: Guid(6af8d944026470c48ac90a7c192872bd) Importer(815301076,1909f56bfc062723c751e8b465ee728b)
Start importing Assets/SteamVR/WindowsHelper using Guid(6af8d944026470c48ac90a7c192872bd) Importer(815301076,1909f56bfc062723c751e8b465ee728b)  -> (artifact id: '54704ffe87933ce6d20d668cdc2d84f9') in 0.022043 seconds
  Import took 0.027697 seconds .

========================================================================
Received Import Request.
  Time since last request: 0.000382 seconds.
  path: Assets/SteamVR/Scripts/SteamVR.cs
  artifactKey: Guid(7fae0ddab09ac324c85494471274d6a4) Importer(815301076,1909f56bfc062723c751e8b465ee728b)
Start importing Assets/SteamVR/Scripts/SteamVR.cs using Guid(7fae0ddab09ac324c85494471274d6a4) Importer(815301076,1909f56bfc062723c751e8b465ee728b)  -> (artifact id: 'da0cf1757e06621665659b6a6ee23a79') in 0.038275 seconds
  Import took 0.043375 seconds .

========================================================================
Received Import Request.
  Time since last request: 0.000256 seconds.
  path: Assets/SteamVR/Scripts
  artifactKey: Guid(d88af1b1098a33a42bc43c910c864102) Importer(815301076,1909f56bfc062723c751e8b465ee728b)
Start importing Assets/SteamVR/Scripts using Guid(d88af1b1098a33a42bc43c910c864102) Importer(815301076,1909f56bfc062723c751e8b465ee728b)  -> (artifact id: '7c1f04a79a7d0dbe3685b49fb66bfcf0') in 0.013080 seconds
  Import took 0.017693 seconds .

========================================================================
Received Import Request.
  Time since last request: 5.531581 seconds.
  path: Assets/SteamVR/Scripts/SteamVR_Behaviour.cs
  artifactKey: Guid(1aaa8a3afb932fe478757c1e89cf0cd5) Importer(815301076,1909f56bfc062723c751e8b465ee728b)
Start importing Assets/SteamVR/Scripts/SteamVR_Behaviour.cs using Guid(1aaa8a3afb932fe478757c1e89cf0cd5) Importer(815301076,1909f56bfc062723c751e8b465ee728b)  -> (artifact id: 'a8a5744282e37d0f438fc5ffe55c73cb') in 0.013192 seconds
  Import took 0.017866 seconds .

========================================================================
Received Import Request.
  Time since last request: 9.422401 seconds.
  path: Assets/SteamVR/Scripts/SteamVR_Camera.cs
  artifactKey: Guid(6bca9ccf900ccc84c887d783321d27e2) Importer(815301076,1909f56bfc062723c751e8b465ee728b)
Start importing Assets/SteamVR/Scripts/SteamVR_Camera.cs using Guid(6bca9ccf900ccc84c887d783321d27e2) Importer(815301076,1909f56bfc062723c751e8b465ee728b)  -> (artifact id: 'afc4da3744dcfe9130325d5794dd5b63') in 0.013699 seconds
  Import took 0.018205 seconds .

========================================================================
Received Import Request.
  Time since last request: 0.002694 seconds.
  path: Assets/SteamVR/Scripts/SteamVR_Camera.cs
  artifactKey: Guid(6bca9ccf900ccc84c887d783321d27e2) Importer(815301076,1909f56bfc062723c751e8b465ee728b)
Start importing Assets/SteamVR/Scripts/SteamVR_Camera.cs using Guid(6bca9ccf900ccc84c887d783321d27e2) Importer(815301076,1909f56bfc062723c751e8b465ee728b)  -> (artifact id: 'afc4da3744dcfe9130325d5794dd5b63') in 0.005291 seconds
  Import took 0.010183 seconds .

========================================================================
Received Import Request.
  Time since last request: 0.956409 seconds.
  path: Assets/SteamVR/Scripts/SteamVR_Ears.cs
  artifactKey: Guid(49a86c1078ce4314b9c4224560e031b9) Importer(815301076,1909f56bfc062723c751e8b465ee728b)
Start importing Assets/SteamVR/Scripts/SteamVR_Ears.cs using Guid(49a86c1078ce4314b9c4224560e031b9) Importer(815301076,1909f56bfc062723c751e8b465ee728b)  -> (artifact id: '4b0c926fd56004fee2901cdd271e3a55') in 0.011880 seconds
  Import took 0.016474 seconds .

========================================================================
Received Import Request.
  Time since last request: 0.001001 seconds.
  path: Assets/SteamVR/Scripts/SteamVR_Ears.cs
  artifactKey: Guid(49a86c1078ce4314b9c4224560e031b9) Importer(815301076,1909f56bfc062723c751e8b465ee728b)
Start importing Assets/SteamVR/Scripts/SteamVR_Ears.cs using Guid(49a86c1078ce4314b9c4224560e031b9) Importer(815301076,1909f56bfc062723c751e8b465ee728b)  -> (artifact id: '4b0c926fd56004fee2901cdd271e3a55') in 0.006265 seconds
  Import took 0.010803 seconds .

========================================================================
Received Import Request.
  Time since last request: 0.436222 seconds.
  path: Assets/SteamVR/Scripts/SteamVR_ExternalCamera.cs
  artifactKey: Guid(c9da270df5147d24597cc106058c1fa7) Importer(815301076,1909f56bfc062723c751e8b465ee728b)
Start importing Assets/SteamVR/Scripts/SteamVR_ExternalCamera.cs using Guid(c9da270df5147d24597cc106058c1fa7) Importer(815301076,1909f56bfc062723c751e8b465ee728b)  -> (artifact id: '08c86117ced6b4a092e6aa2adf59c3a1') in 0.011265 seconds
  Import took 0.015828 seconds .

========================================================================
Received Import Request.
  Time since last request: 0.425154 seconds.
  path: Assets/SteamVR/Scripts/SteamVR_Frustum.cs
  artifactKey: Guid(b2d1785fa0c551e408b6c94398847b76) Importer(815301076,1909f56bfc062723c751e8b465ee728b)
Start importing Assets/SteamVR/Scripts/SteamVR_Frustum.cs using Guid(b2d1785fa0c551e408b6c94398847b76) Importer(815301076,1909f56bfc062723c751e8b465ee728b)  -> (artifact id: '7cd781e20b54c1dbf731befacf08366e') in 0.011424 seconds
  Import took 0.015989 seconds .

========================================================================
Received Import Request.
  Time since last request: 0.003769 seconds.
  path: Assets/SteamVR/Scripts/SteamVR_Frustum.cs
  artifactKey: Guid(b2d1785fa0c551e408b6c94398847b76) Importer(815301076,1909f56bfc062723c751e8b465ee728b)
Start importing Assets/SteamVR/Scripts/SteamVR_Frustum.cs using Guid(b2d1785fa0c551e408b6c94398847b76) Importer(815301076,1909f56bfc062723c751e8b465ee728b)  -> (artifact id: '7cd781e20b54c1dbf731befacf08366e') in 0.005684 seconds
  Import took 0.009839 seconds .

========================================================================
Received Import Request.
  Time since last request: 0.410947 seconds.
  path: Assets/SteamVR/Scripts/SteamVR_LoadLevel.cs
  artifactKey: Guid(a5a6a70209b6e6345bfe18b02314a54e) Importer(815301076,1909f56bfc062723c751e8b465ee728b)
Start importing Assets/SteamVR/Scripts/SteamVR_LoadLevel.cs using Guid(a5a6a70209b6e6345bfe18b02314a54e) Importer(815301076,1909f56bfc062723c751e8b465ee728b)  -> (artifact id: 'fbc908d6b29567775d287356f9ee27f2') in 0.011880 seconds
  Import took 0.016250 seconds .

========================================================================
Received Import Request.
  Time since last request: 0.766501 seconds.
  path: Assets/SteamVR/Scripts/SteamVR_Menu.cs
  artifactKey: Guid(e7afc8c74d1f73b458705e0b946292a0) Importer(815301076,1909f56bfc062723c751e8b465ee728b)
Start importing Assets/SteamVR/Scripts/SteamVR_Menu.cs using Guid(e7afc8c74d1f73b458705e0b946292a0) Importer(815301076,1909f56bfc062723c751e8b465ee728b)  -> (artifact id: '1d6a1388c8fab1a0ba4e72d0ad81dd89') in 0.011548 seconds
  Import took 0.015703 seconds .

========================================================================
Received Import Request.
  Time since last request: 0.395946 seconds.
  path: Assets/SteamVR/Scripts/SteamVR_Overlay.cs
  artifactKey: Guid(46fe9e0b23166454c8cb73040321d78c) Importer(815301076,1909f56bfc062723c751e8b465ee728b)
Start importing Assets/SteamVR/Scripts/SteamVR_Overlay.cs using Guid(46fe9e0b23166454c8cb73040321d78c) Importer(815301076,1909f56bfc062723c751e8b465ee728b)  -> (artifact id: '63761dd6824a976d70a2793336bd298c') in 0.011828 seconds
  Import took 0.017200 seconds .

========================================================================
Received Import Request.
  Time since last request: 0.003239 seconds.
  path: Assets/SteamVR/Scripts/SteamVR_Overlay.cs
  artifactKey: Guid(46fe9e0b23166454c8cb73040321d78c) Importer(815301076,1909f56bfc062723c751e8b465ee728b)
Start importing Assets/SteamVR/Scripts/SteamVR_Overlay.cs using Guid(46fe9e0b23166454c8cb73040321d78c) Importer(815301076,1909f56bfc062723c751e8b465ee728b)  -> (artifact id: '63761dd6824a976d70a2793336bd298c') in 0.003721 seconds
  Import took 0.007835 seconds .

========================================================================
Received Import Request.
  Time since last request: 196.335216 seconds.
  path: Assets/Materials
  artifactKey: Guid(d7584daf0d812ce4ebdabf17a98e01b9) Importer(815301076,1909f56bfc062723c751e8b465ee728b)
Start importing Assets/Materials using Guid(d7584daf0d812ce4ebdabf17a98e01b9) Importer(815301076,1909f56bfc062723c751e8b465ee728b)  -> (artifact id: '9f086e99aedc149cb6c5eb21815f46d6') in 0.012368 seconds
  Import took 0.016975 seconds .

========================================================================
Received Import Request.
  Time since last request: 9.804246 seconds.
  path: Assets/Materials/New Material.mat
  artifactKey: Guid(c0a36b93df1616247b5d2b65991b468d) Importer(815301076,1909f56bfc062723c751e8b465ee728b)
Start importing Assets/Materials/New Material.mat using Guid(c0a36b93df1616247b5d2b65991b468d) Importer(815301076,1909f56bfc062723c751e8b465ee728b)  -> (artifact id: '7f096673a3f82a8da5190805470b1120') in 0.386406 seconds
  Import took 0.393279 seconds .

========================================================================
Received Prepare
Registering precompiled user dll's ...
Registered in 0.012995 seconds.
Begin MonoManager ReloadAssembly
Native extension for WindowsStandalone target not found
Native extension for WebGL target not found
Refreshing native plugins compatible for Editor in 1.40 ms, found 12 plugins.
Preloading 2 native plugins for Editor in 0.30 ms.
NullReferenceException: Object reference not set to an instance of an object
  at Unity.XR.Oculus.OculusLoader.AssetPathToAbsolutePath (System.String assetPath) [0x00048] in C:\Users\Vlad\VRProject\Library\PackageCache\com.unity.xr.oculus@1.9.0\Runtime\OculusLoader.cs:249 
  at Unity.XR.Oculus.OculusLoader.EditorLoadOVRPlugin () [0x0007b] in C:\Users\Vlad\VRProject\Library\PackageCache\com.unity.xr.oculus@1.9.0\Runtime\OculusLoader.cs:234 

(Filename: Library/PackageCache/com.unity.xr.oculus@1.9.0/Runtime/OculusLoader.cs Line: 249)

Mono: successfully reloaded assembly
- Completed reload, in  1.760 seconds
Platform modules already initialized, skipping
Refreshing native plugins compatible for Editor in 1.73 ms, found 12 plugins.
Preloading 2 native plugins for Editor in 0.38 ms.
Unloading 1758 Unused Serialized files (Serialized files now loaded: 0)
System memory in use before: 95.2 MB.
System memory in use after: 95.3 MB.

Unloading 9 unused Assets to reduce memory usage. Loaded Objects now: 2327.
Total: 4.086900 ms (FindLiveObjects: 0.563300 ms CreateObjectMapping: 0.241000 ms MarkObjects: 3.170700 ms  DeleteObjects: 0.109800 ms)

========================================================================
Received Import Request.
  Time since last request: 153.671417 seconds.
  path: Assets/Materials/New Material.mat
  artifactKey: Guid(c0a36b93df1616247b5d2b65991b468d) Importer(815301076,1909f56bfc062723c751e8b465ee728b)
Start importing Assets/Materials/New Material.mat using Guid(c0a36b93df1616247b5d2b65991b468d) Importer(815301076,1909f56bfc062723c751e8b465ee728b)  -> (artifact id: '0bacc46c7f32a2e42843d7f8ed065171') in 0.127033 seconds
  Import took 0.132617 seconds .

========================================================================
Received Import Request.
  Time since last request: 40.015849 seconds.
  path: Assets/Materials/New Material 1.mat
  artifactKey: Guid(1feeb0a9d41ee004fab07e3f00df284a) Importer(815301076,1909f56bfc062723c751e8b465ee728b)
Start importing Assets/Materials/New Material 1.mat using Guid(1feeb0a9d41ee004fab07e3f00df284a) Importer(815301076,1909f56bfc062723c751e8b465ee728b)  -> (artifact id: '7565685164a3615ce27e8baed12b81d4') in 0.021444 seconds
  Import took 0.025945 seconds .

========================================================================
Received Import Request.
  Time since last request: 16.484058 seconds.
  path: Assets/Materials/New Material 1.mat
  artifactKey: Guid(1feeb0a9d41ee004fab07e3f00df284a) Importer(815301076,1909f56bfc062723c751e8b465ee728b)
Start importing Assets/Materials/New Material 1.mat using Guid(1feeb0a9d41ee004fab07e3f00df284a) Importer(815301076,1909f56bfc062723c751e8b465ee728b)  -> (artifact id: '1bc8661363b9a37edefeb03b45d39f23') in 0.019513 seconds
  Import took 0.024390 seconds .

========================================================================
Received Prepare
Registering precompiled user dll's ...
Registered in 0.012364 seconds.
Begin MonoManager ReloadAssembly
Native extension for WindowsStandalone target not found
Native extension for WebGL target not found
Refreshing native plugins compatible for Editor in 1.40 ms, found 12 plugins.
Preloading 2 native plugins for Editor in 0.35 ms.
NullReferenceException: Object reference not set to an instance of an object
  at Unity.XR.Oculus.OculusLoader.AssetPathToAbsolutePath (System.String assetPath) [0x00048] in C:\Users\Vlad\VRProject\Library\PackageCache\com.unity.xr.oculus@1.9.0\Runtime\OculusLoader.cs:249 
  at Unity.XR.Oculus.OculusLoader.EditorLoadOVRPlugin () [0x0007b] in C:\Users\Vlad\VRProject\Library\PackageCache\com.unity.xr.oculus@1.9.0\Runtime\OculusLoader.cs:234 

(Filename: Library/PackageCache/com.unity.xr.oculus@1.9.0/Runtime/OculusLoader.cs Line: 249)

Mono: successfully reloaded assembly
- Completed reload, in  1.794 seconds
Platform modules already initialized, skipping
Refreshing native plugins compatible for Editor in 1.69 ms, found 12 plugins.
Preloading 2 native plugins for Editor in 0.29 ms.
Unloading 1758 Unused Serialized files (Serialized files now loaded: 0)
System memory in use before: 95.2 MB.
System memory in use after: 95.3 MB.

Unloading 9 unused Assets to reduce memory usage. Loaded Objects now: 2332.
Total: 5.000700 ms (FindLiveObjects: 0.582900 ms CreateObjectMapping: 0.118500 ms MarkObjects: 4.178700 ms  DeleteObjects: 0.117400 ms)

========================================================================
Received Import Request.
  Time since last request: 291.648876 seconds.
  path: Assets/Menu scripts/MainmenuScript.cs
  artifactKey: Guid(bc33957af86953b47b3260a2c4da524b) Importer(815301076,1909f56bfc062723c751e8b465ee728b)
Start importing Assets/Menu scripts/MainmenuScript.cs using Guid(bc33957af86953b47b3260a2c4da524b) Importer(815301076,1909f56bfc062723c751e8b465ee728b)  -> (artifact id: '8f6746e9b7b5896ebbd68d9b934f262b') in 0.011447 seconds
  Import took 0.017182 seconds .

========================================================================
Received Prepare
Registering precompiled user dll's ...
Registered in 0.013879 seconds.
Begin MonoManager ReloadAssembly
Native extension for WindowsStandalone target not found
Native extension for WebGL target not found
Refreshing native plugins compatible for Editor in 1.70 ms, found 12 plugins.
Preloading 2 native plugins for Editor in 0.30 ms.
NullReferenceException: Object reference not set to an instance of an object
  at Unity.XR.Oculus.OculusLoader.AssetPathToAbsolutePath (System.String assetPath) [0x00048] in C:\Users\Vlad\VRProject\Library\PackageCache\com.unity.xr.oculus@1.9.0\Runtime\OculusLoader.cs:249 
  at Unity.XR.Oculus.OculusLoader.EditorLoadOVRPlugin () [0x0007b] in C:\Users\Vlad\VRProject\Library\PackageCache\com.unity.xr.oculus@1.9.0\Runtime\OculusLoader.cs:234 

(Filename: Library/PackageCache/com.unity.xr.oculus@1.9.0/Runtime/OculusLoader.cs Line: 249)

Mono: successfully reloaded assembly
- Completed reload, in  1.702 seconds
Platform modules already initialized, skipping
Refreshing native plugins compatible for Editor in 1.35 ms, found 12 plugins.
Preloading 2 native plugins for Editor in 0.40 ms.
Unloading 1758 Unused Serialized files (Serialized files now loaded: 0)
System memory in use before: 95.2 MB.
System memory in use after: 95.3 MB.

Unloading 9 unused Assets to reduce memory usage. Loaded Objects now: 2336.
Total: 4.853500 ms (FindLiveObjects: 0.833200 ms CreateObjectMapping: 0.208500 ms MarkObjects: 3.701800 ms  DeleteObjects: 0.107200 ms)

========================================================================
Received Prepare
Registering precompiled user dll's ...
Registered in 0.012290 seconds.
Begin MonoManager ReloadAssembly
Native extension for WindowsStandalone target not found
Native extension for WebGL target not found
Refreshing native plugins compatible for Editor in 1.38 ms, found 12 plugins.
Preloading 2 native plugins for Editor in 0.29 ms.
NullReferenceException: Object reference not set to an instance of an object
  at Unity.XR.Oculus.OculusLoader.AssetPathToAbsolutePath (System.String assetPath) [0x00048] in C:\Users\Vlad\VRProject\Library\PackageCache\com.unity.xr.oculus@1.9.0\Runtime\OculusLoader.cs:249 
  at Unity.XR.Oculus.OculusLoader.EditorLoadOVRPlugin () [0x0007b] in C:\Users\Vlad\VRProject\Library\PackageCache\com.unity.xr.oculus@1.9.0\Runtime\OculusLoader.cs:234 

(Filename: Library/PackageCache/com.unity.xr.oculus@1.9.0/Runtime/OculusLoader.cs Line: 249)

Mono: successfully reloaded assembly
- Completed reload, in  1.622 seconds
Platform modules already initialized, skipping
Refreshing native plugins compatible for Editor in 1.45 ms, found 12 plugins.
Preloading 2 native plugins for Editor in 0.26 ms.
Unloading 1758 Unused Serialized files (Serialized files now loaded: 0)
System memory in use before: 95.3 MB.
System memory in use after: 95.4 MB.

Unloading 9 unused Assets to reduce memory usage. Loaded Objects now: 2340.
Total: 4.094900 ms (FindLiveObjects: 0.688600 ms CreateObjectMapping: 0.152600 ms MarkObjects: 3.140100 ms  DeleteObjects: 0.111700 ms)

========================================================================
Received Prepare
Registering precompiled user dll's ...
Registered in 0.011471 seconds.
Begin MonoManager ReloadAssembly
Native extension for WindowsStandalone target not found
Native extension for WebGL target not found
Refreshing native plugins compatible for Editor in 1.33 ms, found 12 plugins.
Preloading 2 native plugins for Editor in 0.30 ms.
NullReferenceException: Object reference not set to an instance of an object
  at Unity.XR.Oculus.OculusLoader.AssetPathToAbsolutePath (System.String assetPath) [0x00048] in C:\Users\Vlad\VRProject\Library\PackageCache\com.unity.xr.oculus@1.9.0\Runtime\OculusLoader.cs:249 
  at Unity.XR.Oculus.OculusLoader.EditorLoadOVRPlugin () [0x0007b] in C:\Users\Vlad\VRProject\Library\PackageCache\com.unity.xr.oculus@1.9.0\Runtime\OculusLoader.cs:234 

(Filename: Library/PackageCache/com.unity.xr.oculus@1.9.0/Runtime/OculusLoader.cs Line: 249)

Mono: successfully reloaded assembly
- Completed reload, in  1.776 seconds
Platform modules already initialized, skipping
Refreshing native plugins compatible for Editor in 1.45 ms, found 12 plugins.
Preloading 2 native plugins for Editor in 0.97 ms.
Unloading 1758 Unused Serialized files (Serialized files now loaded: 0)
System memory in use before: 95.3 MB.
System memory in use after: 95.4 MB.

Unloading 9 unused Assets to reduce memory usage. Loaded Objects now: 2344.
Total: 5.187200 ms (FindLiveObjects: 0.923800 ms CreateObjectMapping: 0.142800 ms MarkObjects: 4.006000 ms  DeleteObjects: 0.111900 ms)

========================================================================
Received Prepare
Registering precompiled user dll's ...
Registered in 0.014015 seconds.
Begin MonoManager ReloadAssembly
Native extension for WindowsStandalone target not found
Native extension for WebGL target not found
Refreshing native plugins compatible for Editor in 1.35 ms, found 12 plugins.
Preloading 2 native plugins for Editor in 0.29 ms.
NullReferenceException: Object reference not set to an instance of an object
  at Unity.XR.Oculus.OculusLoader.AssetPathToAbsolutePath (System.String assetPath) [0x00048] in C:\Users\Vlad\VRProject\Library\PackageCache\com.unity.xr.oculus@1.9.0\Runtime\OculusLoader.cs:249 
  at Unity.XR.Oculus.OculusLoader.EditorLoadOVRPlugin () [0x0007b] in C:\Users\Vlad\VRProject\Library\PackageCache\com.unity.xr.oculus@1.9.0\Runtime\OculusLoader.cs:234 

(Filename: Library/PackageCache/com.unity.xr.oculus@1.9.0/Runtime/OculusLoader.cs Line: 249)

Mono: successfully reloaded assembly
- Completed reload, in  1.681 seconds
Platform modules already initialized, skipping
Refreshing native plugins compatible for Editor in 1.58 ms, found 12 plugins.
Preloading 2 native plugins for Editor in 0.35 ms.
Unloading 1758 Unused Serialized files (Serialized files now loaded: 0)
System memory in use before: 95.3 MB.
System memory in use after: 95.4 MB.

Unloading 9 unused Assets to reduce memory usage. Loaded Objects now: 2348.
Total: 6.140500 ms (FindLiveObjects: 1.495400 ms CreateObjectMapping: 0.271200 ms MarkObjects: 4.198200 ms  DeleteObjects: 0.172200 ms)

========================================================================
Received Prepare
Registering precompiled user dll's ...
Registered in 0.012552 seconds.
Begin MonoManager ReloadAssembly
Native extension for WindowsStandalone target not found
Native extension for WebGL target not found
Refreshing native plugins compatible for Editor in 1.70 ms, found 12 plugins.
Preloading 2 native plugins for Editor in 1.39 ms.
NullReferenceException: Object reference not set to an instance of an object
  at Unity.XR.Oculus.OculusLoader.AssetPathToAbsolutePath (System.String assetPath) [0x00048] in C:\Users\Vlad\VRProject\Library\PackageCache\com.unity.xr.oculus@1.9.0\Runtime\OculusLoader.cs:249 
  at Unity.XR.Oculus.OculusLoader.EditorLoadOVRPlugin () [0x0007b] in C:\Users\Vlad\VRProject\Library\PackageCache\com.unity.xr.oculus@1.9.0\Runtime\OculusLoader.cs:234 

(Filename: Library/PackageCache/com.unity.xr.oculus@1.9.0/Runtime/OculusLoader.cs Line: 249)

Mono: successfully reloaded assembly
- Completed reload, in  1.882 seconds
Platform modules already initialized, skipping
Refreshing native plugins compatible for Editor in 1.35 ms, found 12 plugins.
Preloading 2 native plugins for Editor in 0.63 ms.
Unloading 1758 Unused Serialized files (Serialized files now loaded: 0)
System memory in use before: 95.3 MB.
System memory in use after: 95.4 MB.

Unloading 9 unused Assets to reduce memory usage. Loaded Objects now: 2352.
Total: 6.673200 ms (FindLiveObjects: 1.929100 ms CreateObjectMapping: 0.504700 ms MarkObjects: 4.121000 ms  DeleteObjects: 0.115000 ms)

========================================================================
Received Prepare
Registering precompiled user dll's ...
Registered in 0.013595 seconds.
Begin MonoManager ReloadAssembly
Native extension for WindowsStandalone target not found
Native extension for WebGL target not found
Refreshing native plugins compatible for Editor in 1.51 ms, found 12 plugins.
Preloading 2 native plugins for Editor in 0.30 ms.
NullReferenceException: Object reference not set to an instance of an object
  at Unity.XR.Oculus.OculusLoader.AssetPathToAbsolutePath (System.String assetPath) [0x00048] in C:\Users\Vlad\VRProject\Library\PackageCache\com.unity.xr.oculus@1.9.0\Runtime\OculusLoader.cs:249 
  at Unity.XR.Oculus.OculusLoader.EditorLoadOVRPlugin () [0x0007b] in C:\Users\Vlad\VRProject\Library\PackageCache\com.unity.xr.oculus@1.9.0\Runtime\OculusLoader.cs:234 

(Filename: Library/PackageCache/com.unity.xr.oculus@1.9.0/Runtime/OculusLoader.cs Line: 249)

Mono: successfully reloaded assembly
- Completed reload, in  1.792 seconds
Platform modules already initialized, skipping
Refreshing native plugins compatible for Editor in 1.37 ms, found 12 plugins.
Preloading 2 native plugins for Editor in 0.27 ms.
Unloading 1758 Unused Serialized files (Serialized files now loaded: 0)
System memory in use before: 95.3 MB.
System memory in use after: 95.4 MB.

Unloading 9 unused Assets to reduce memory usage. Loaded Objects now: 2356.
Total: 4.909600 ms (FindLiveObjects: 0.823200 ms CreateObjectMapping: 0.167900 ms MarkObjects: 3.730200 ms  DeleteObjects: 0.185700 ms)

========================================================================
Received Prepare
Registering precompiled user dll's ...
Registered in 0.011706 seconds.
Begin MonoManager ReloadAssembly
Native extension for WindowsStandalone target not found
Native extension for WebGL target not found
Refreshing native plugins compatible for Editor in 1.48 ms, found 12 plugins.
Preloading 2 native plugins for Editor in 0.47 ms.
NullReferenceException: Object reference not set to an instance of an object
  at Unity.XR.Oculus.OculusLoader.AssetPathToAbsolutePath (System.String assetPath) [0x00048] in C:\Users\Vlad\VRProject\Library\PackageCache\com.unity.xr.oculus@1.9.0\Runtime\OculusLoader.cs:249 
  at Unity.XR.Oculus.OculusLoader.EditorLoadOVRPlugin () [0x0007b] in C:\Users\Vlad\VRProject\Library\PackageCache\com.unity.xr.oculus@1.9.0\Runtime\OculusLoader.cs:234 

(Filename: Library/PackageCache/com.unity.xr.oculus@1.9.0/Runtime/OculusLoader.cs Line: 249)

Mono: successfully reloaded assembly
- Completed reload, in  1.529 seconds
Platform modules already initialized, skipping
Refreshing native plugins compatible for Editor in 1.41 ms, found 12 plugins.
Preloading 2 native plugins for Editor in 0.41 ms.
Unloading 1758 Unused Serialized files (Serialized files now loaded: 0)
System memory in use before: 95.3 MB.
System memory in use after: 95.4 MB.

Unloading 9 unused Assets to reduce memory usage. Loaded Objects now: 2360.
Total: 4.694000 ms (FindLiveObjects: 0.558500 ms CreateObjectMapping: 0.133700 ms MarkObjects: 3.881600 ms  DeleteObjects: 0.117000 ms)

========================================================================
Received Prepare
Registering precompiled user dll's ...
Registered in 0.011772 seconds.
Begin MonoManager ReloadAssembly
Native extension for WindowsStandalone target not found
Native extension for WebGL target not found
Refreshing native plugins compatible for Editor in 1.72 ms, found 12 plugins.
Preloading 2 native plugins for Editor in 0.31 ms.
NullReferenceException: Object reference not set to an instance of an object
  at Unity.XR.Oculus.OculusLoader.AssetPathToAbsolutePath (System.String assetPath) [0x00048] in C:\Users\Vlad\VRProject\Library\PackageCache\com.unity.xr.oculus@1.9.0\Runtime\OculusLoader.cs:249 
  at Unity.XR.Oculus.OculusLoader.EditorLoadOVRPlugin () [0x0007b] in C:\Users\Vlad\VRProject\Library\PackageCache\com.unity.xr.oculus@1.9.0\Runtime\OculusLoader.cs:234 

(Filename: Library/PackageCache/com.unity.xr.oculus@1.9.0/Runtime/OculusLoader.cs Line: 249)

Mono: successfully reloaded assembly
- Completed reload, in  1.696 seconds
Platform modules already initialized, skipping
Refreshing native plugins compatible for Editor in 1.57 ms, found 12 plugins.
Preloading 2 native plugins for Editor in 0.48 ms.
Unloading 1758 Unused Serialized files (Serialized files now loaded: 0)
System memory in use before: 95.3 MB.
System memory in use after: 95.4 MB.

Unloading 9 unused Assets to reduce memory usage. Loaded Objects now: 2364.
Total: 4.588700 ms (FindLiveObjects: 0.555300 ms CreateObjectMapping: 0.118400 ms MarkObjects: 3.799600 ms  DeleteObjects: 0.112200 ms)

========================================================================
Received Prepare
Registering precompiled user dll's ...
Registered in 0.011921 seconds.
Begin MonoManager ReloadAssembly
Native extension for WindowsStandalone target not found
Native extension for WebGL target not found
Refreshing native plugins compatible for Editor in 1.53 ms, found 12 plugins.
Preloading 2 native plugins for Editor in 0.37 ms.
NullReferenceException: Object reference not set to an instance of an object
  at Unity.XR.Oculus.OculusLoader.AssetPathToAbsolutePath (System.String assetPath) [0x00048] in C:\Users\Vlad\VRProject\Library\PackageCache\com.unity.xr.oculus@1.9.0\Runtime\OculusLoader.cs:249 
  at Unity.XR.Oculus.OculusLoader.EditorLoadOVRPlugin () [0x0007b] in C:\Users\Vlad\VRProject\Library\PackageCache\com.unity.xr.oculus@1.9.0\Runtime\OculusLoader.cs:234 

(Filename: Library/PackageCache/com.unity.xr.oculus@1.9.0/Runtime/OculusLoader.cs Line: 249)

Mono: successfully reloaded assembly
- Completed reload, in  1.714 seconds
Platform modules already initialized, skipping
Refreshing native plugins compatible for Editor in 1.69 ms, found 12 plugins.
Preloading 2 native plugins for Editor in 0.29 ms.
Unloading 1758 Unused Serialized files (Serialized files now loaded: 0)
System memory in use before: 95.3 MB.
System memory in use after: 95.4 MB.

Unloading 9 unused Assets to reduce memory usage. Loaded Objects now: 2368.
Total: 6.037700 ms (FindLiveObjects: 0.625800 ms CreateObjectMapping: 0.120200 ms MarkObjects: 5.164700 ms  DeleteObjects: 0.123700 ms)

========================================================================
Received Prepare
Registering precompiled user dll's ...
Registered in 0.011842 seconds.
Begin MonoManager ReloadAssembly
Native extension for WindowsStandalone target not found
Native extension for WebGL target not found
Refreshing native plugins compatible for Editor in 1.62 ms, found 12 plugins.
Preloading 2 native plugins for Editor in 0.31 ms.
NullReferenceException: Object reference not set to an instance of an object
  at Unity.XR.Oculus.OculusLoader.AssetPathToAbsolutePath (System.String assetPath) [0x00048] in C:\Users\Vlad\VRProject\Library\PackageCache\com.unity.xr.oculus@1.9.0\Runtime\OculusLoader.cs:249 
  at Unity.XR.Oculus.OculusLoader.EditorLoadOVRPlugin () [0x0007b] in C:\Users\Vlad\VRProject\Library\PackageCache\com.unity.xr.oculus@1.9.0\Runtime\OculusLoader.cs:234 

(Filename: Library/PackageCache/com.unity.xr.oculus@1.9.0/Runtime/OculusLoader.cs Line: 249)

Mono: successfully reloaded assembly
- Completed reload, in  1.645 seconds
Platform modules already initialized, skipping
Refreshing native plugins compatible for Editor in 1.76 ms, found 12 plugins.
Preloading 2 native plugins for Editor in 0.37 ms.
Unloading 1758 Unused Serialized files (Serialized files now loaded: 0)
System memory in use before: 95.3 MB.
System memory in use after: 95.4 MB.

Unloading 9 unused Assets to reduce memory usage. Loaded Objects now: 2372.
Total: 4.359000 ms (FindLiveObjects: 0.718000 ms CreateObjectMapping: 0.130400 ms MarkObjects: 3.398500 ms  DeleteObjects: 0.110300 ms)

========================================================================
Received Import Request.
  Time since last request: 2196.947381 seconds.
  path: Assets/Materials/skip_track_arrow_right_icon_123815.png
  artifactKey: Guid(1d6fcab93fcb3e4468348ec012218dd2) Importer(815301076,1909f56bfc062723c751e8b465ee728b)
Start importing Assets/Materials/skip_track_arrow_right_icon_123815.png using Guid(1d6fcab93fcb3e4468348ec012218dd2) Importer(815301076,1909f56bfc062723c751e8b465ee728b)  -> (artifact id: '3f8de9f71837f5b169b39fa5e61b7b1d') in 0.087145 seconds
  Import took 0.092702 seconds .

========================================================================
Received Import Request.
  Time since last request: 44.280679 seconds.
  path: Assets/Materials/skip_track_arrow_right_icon_123815.ico
  artifactKey: Guid(c8946a6680bdab34ab7951716bb83a1f) Importer(815301076,1909f56bfc062723c751e8b465ee728b)
Start importing Assets/Materials/skip_track_arrow_right_icon_123815.ico using Guid(c8946a6680bdab34ab7951716bb83a1f) Importer(815301076,1909f56bfc062723c751e8b465ee728b)  -> (artifact id: 'f18cb855e77e0f96e91bcafa675fa3e9') in 0.018408 seconds
  Import took 0.023149 seconds .

========================================================================
Received Import Request.
  Time since last request: 204.004453 seconds.
  path: Assets/Materials/skip_track_arrow_right_icon_123815.jpg
  artifactKey: Guid(b89535a28271398418e71ebdf4b92f75) Importer(815301076,1909f56bfc062723c751e8b465ee728b)
Start importing Assets/Materials/skip_track_arrow_right_icon_123815.jpg using Guid(b89535a28271398418e71ebdf4b92f75) Importer(815301076,1909f56bfc062723c751e8b465ee728b)  -> (artifact id: '4d8c7be54c8d684876894375b688e22d') in 0.014254 seconds
  Import took 0.019809 seconds .

========================================================================
Received Import Request.
  Time since last request: 68.269306 seconds.
  path: Assets/Materials/last_track_left_arrow_icon_123838.png
  artifactKey: Guid(551a040162c2f09449724b49adabdd15) Importer(815301076,1909f56bfc062723c751e8b465ee728b)
Start importing Assets/Materials/last_track_left_arrow_icon_123838.png using Guid(551a040162c2f09449724b49adabdd15) Importer(815301076,1909f56bfc062723c751e8b465ee728b)  -> (artifact id: '7b986d34dbb3d9ac02f95ee5f8d42c5e') in 0.017301 seconds
  Import took 0.022161 seconds .

========================================================================
Received Import Request.
  Time since last request: 0.005275 seconds.
  path: Assets/Materials/last_track_left_arrow_icon_123838.png
  artifactKey: Guid(551a040162c2f09449724b49adabdd15) Importer(815301076,1909f56bfc062723c751e8b465ee728b)
Start importing Assets/Materials/last_track_left_arrow_icon_123838.png using Guid(551a040162c2f09449724b49adabdd15) Importer(815301076,1909f56bfc062723c751e8b465ee728b)  -> (artifact id: '7b986d34dbb3d9ac02f95ee5f8d42c5e') in 0.011496 seconds
  Import took 0.016070 seconds .

========================================================================
Received Import Request.
  Time since last request: 274.185135 seconds.
  path: Assets/double-right.png
  artifactKey: Guid(c39b107fc2b7a914fab2ddc597c4fa8f) Importer(815301076,1909f56bfc062723c751e8b465ee728b)
Start importing Assets/double-right.png using Guid(c39b107fc2b7a914fab2ddc597c4fa8f) Importer(815301076,1909f56bfc062723c751e8b465ee728b)  -> (artifact id: 'f8881cdffdc084bf48c27fdf8ab90b1f') in 0.017368 seconds
  Import took 0.022659 seconds .

========================================================================
Received Import Request.
  Time since last request: 0.004785 seconds.
  path: Assets/double-right.png
  artifactKey: Guid(c39b107fc2b7a914fab2ddc597c4fa8f) Importer(815301076,1909f56bfc062723c751e8b465ee728b)
Start importing Assets/double-right.png using Guid(c39b107fc2b7a914fab2ddc597c4fa8f) Importer(815301076,1909f56bfc062723c751e8b465ee728b)  -> (artifact id: 'f8881cdffdc084bf48c27fdf8ab90b1f') in 0.009730 seconds
  Import took 0.013846 seconds .

========================================================================
Received Import Request.
  Time since last request: 48.632263 seconds.
  path: Assets/double-right.png
  artifactKey: Guid(c39b107fc2b7a914fab2ddc597c4fa8f) Importer(815301076,1909f56bfc062723c751e8b465ee728b)
Start importing Assets/double-right.png using Guid(c39b107fc2b7a914fab2ddc597c4fa8f) Importer(815301076,1909f56bfc062723c751e8b465ee728b)  -> (artifact id: 'e782c932d788f6ab07ab6b77ac59adc5') in 0.013475 seconds
  Import took 0.018180 seconds .

========================================================================
Received Import Request.
  Time since last request: 53.151505 seconds.
  path: Assets/double-right.png
  artifactKey: Guid(c39b107fc2b7a914fab2ddc597c4fa8f) Importer(815301076,1909f56bfc062723c751e8b465ee728b)
Start importing Assets/double-right.png using Guid(c39b107fc2b7a914fab2ddc597c4fa8f) Importer(815301076,1909f56bfc062723c751e8b465ee728b)  -> (artifact id: '44f75f978b69dfd2f6592edecc58421a') in 0.041619 seconds
  Import took 0.046655 seconds .

========================================================================
Received Prepare
Registering precompiled user dll's ...
Registered in 2.090884 seconds.
Begin MonoManager ReloadAssembly
Native extension for WindowsStandalone target not found
Native extension for WebGL target not found
Refreshing native plugins compatible for Editor in 1.25 ms, found 12 plugins.
Preloading 2 native plugins for Editor in 0.27 ms.
NullReferenceException: Object reference not set to an instance of an object
  at Unity.XR.Oculus.OculusLoader.AssetPathToAbsolutePath (System.String assetPath) [0x00048] in C:\Users\Vlad\VRProject\Library\PackageCache\com.unity.xr.oculus@1.9.0\Runtime\OculusLoader.cs:249 
  at Unity.XR.Oculus.OculusLoader.EditorLoadOVRPlugin () [0x0007b] in C:\Users\Vlad\VRProject\Library\PackageCache\com.unity.xr.oculus@1.9.0\Runtime\OculusLoader.cs:234 

(Filename: Library/PackageCache/com.unity.xr.oculus@1.9.0/Runtime/OculusLoader.cs Line: 249)

Mono: successfully reloaded assembly
- Completed reload, in  1.415 seconds
Platform modules already initialized, skipping
Refreshing native plugins compatible for Editor in 1.24 ms, found 12 plugins.
Preloading 2 native plugins for Editor in 0.24 ms.
Unloading 1758 Unused Serialized files (Serialized files now loaded: 0)
System memory in use before: 95.4 MB.
System memory in use after: 95.5 MB.

Unloading 9 unused Assets to reduce memory usage. Loaded Objects now: 2379.
Total: 3.459600 ms (FindLiveObjects: 0.487600 ms CreateObjectMapping: 0.113400 ms MarkObjects: 2.754800 ms  DeleteObjects: 0.102200 ms)

========================================================================
Received Prepare
Registering precompiled user dll's ...
Registered in 0.011474 seconds.
Begin MonoManager ReloadAssembly
Native extension for WindowsStandalone target not found
Native extension for WebGL target not found
Refreshing native plugins compatible for Editor in 1.35 ms, found 12 plugins.
Preloading 2 native plugins for Editor in 0.41 ms.
NullReferenceException: Object reference not set to an instance of an object
  at Unity.XR.Oculus.OculusLoader.AssetPathToAbsolutePath (System.String assetPath) [0x00048] in C:\Users\Vlad\VRProject\Library\PackageCache\com.unity.xr.oculus@1.9.0\Runtime\OculusLoader.cs:249 
  at Unity.XR.Oculus.OculusLoader.EditorLoadOVRPlugin () [0x0007b] in C:\Users\Vlad\VRProject\Library\PackageCache\com.unity.xr.oculus@1.9.0\Runtime\OculusLoader.cs:234 

(Filename: Library/PackageCache/com.unity.xr.oculus@1.9.0/Runtime/OculusLoader.cs Line: 249)

Mono: successfully reloaded assembly
- Completed reload, in  1.605 seconds
Platform modules already initialized, skipping
Refreshing native plugins compatible for Editor in 1.51 ms, found 12 plugins.
Preloading 2 native plugins for Editor in 0.24 ms.
Unloading 1758 Unused Serialized files (Serialized files now loaded: 0)
System memory in use before: 95.4 MB.
System memory in use after: 95.5 MB.

Unloading 9 unused Assets to reduce memory usage. Loaded Objects now: 2383.
Total: 5.650400 ms (FindLiveObjects: 1.106300 ms CreateObjectMapping: 0.182600 ms MarkObjects: 4.236600 ms  DeleteObjects: 0.122400 ms)

========================================================================
Received Prepare
Registering precompiled user dll's ...
Registered in 0.013497 seconds.
Begin MonoManager ReloadAssembly
Native extension for WindowsStandalone target not found
Native extension for WebGL target not found
Refreshing native plugins compatible for Editor in 1.59 ms, found 12 plugins.
Preloading 2 native plugins for Editor in 0.47 ms.
NullReferenceException: Object reference not set to an instance of an object
  at Unity.XR.Oculus.OculusLoader.AssetPathToAbsolutePath (System.String assetPath) [0x00048] in C:\Users\Vlad\VRProject\Library\PackageCache\com.unity.xr.oculus@1.9.0\Runtime\OculusLoader.cs:249 
  at Unity.XR.Oculus.OculusLoader.EditorLoadOVRPlugin () [0x0007b] in C:\Users\Vlad\VRProject\Library\PackageCache\com.unity.xr.oculus@1.9.0\Runtime\OculusLoader.cs:234 

(Filename: Library/PackageCache/com.unity.xr.oculus@1.9.0/Runtime/OculusLoader.cs Line: 249)

Mono: successfully reloaded assembly
- Completed reload, in  1.706 seconds
Platform modules already initialized, skipping
Refreshing native plugins compatible for Editor in 1.40 ms, found 12 plugins.
Preloading 2 native plugins for Editor in 0.32 ms.
Unloading 1758 Unused Serialized files (Serialized files now loaded: 0)
System memory in use before: 95.4 MB.
System memory in use after: 95.5 MB.

Unloading 9 unused Assets to reduce memory usage. Loaded Objects now: 2387.
Total: 5.707800 ms (FindLiveObjects: 0.666400 ms CreateObjectMapping: 0.232500 ms MarkObjects: 4.662100 ms  DeleteObjects: 0.144500 ms)

AssetImportWorkerClient::OnTransportError - code=2 error=End of file
